app/build/intermediates/manifest_merge_blame_file/debug/processDebugMainManifest/manifest-merger-blame-debug-report.txt
1<?xml version="1.0" encoding="utf-8"?>
2<manifest xmlns:android="http://schemas.android.com/apk/res/android"
3    package="com.movebreak.ai"
4    android:versionCode="1"
5    android:versionName="1.0" >
6
7    <uses-sdk
7-->INJECTED
8        android:minSdkVersion="26"
8-->INJECTED
9        android:targetSdkVersion="34" />
9-->INJECTED
10
11    <uses-permission android:name="android.permission.INTERNET" />
11-->src\main\AndroidManifest.xml:5:5-67
11-->src\main\AndroidManifest.xml:5:22-64
12    <uses-permission android:name="android.permission.POST_NOTIFICATIONS" />
12-->src\main\AndroidManifest.xml:6:5-77
12-->src\main\AndroidManifest.xml:6:22-74
13    <uses-permission android:name="android.permission.ACTIVITY_RECOGNITION" />
13-->src\main\AndroidManifest.xml:7:5-79
13-->src\main\AndroidManifest.xml:7:22-76
14    <uses-permission android:name="android.permission.CAMERA" />
14-->src\main\AndroidManifest.xml:8:5-65
14-->src\main\AndroidManifest.xml:8:22-62
15
16    <!-- For remote config -->
17    <uses-permission android:name="android.permission.ACCESS_NETWORK_STATE" />
17-->[com.google.mlkit:pose-detection-common:18.0.0-beta3] AndroidManifest.xml:7:5-79
17-->[com.google.mlkit:pose-detection-common:18.0.0-beta3] AndroidManifest.xml:7:22-76
18    <uses-permission android:name="android.permission.WAKE_LOCK" />
18-->[androidx.work:work-runtime:2.11.1] AndroidManifest.xml:23:5-68
18-->[androidx.work:work-runtime:2.11.1] AndroidManifest.xml:23:22-65
19    <uses-permission android:name="android.permission.RECEIVE_BOOT_COMPLETED" />
19-->[androidx.work:work-runtime:2.11.1] AndroidManifest.xml:25:5-81
19-->[androidx.work:work-runtime:2.11.1] AndroidManifest.xml:25:22-78
20    <uses-permission android:name="android.permission.FOREGROUND_SERVICE" />
20-->[androidx.work:work-runtime:2.11.1] AndroidManifest.xml:26:5-77
20-->[androidx.work:work-runtime:2.11.1] AndroidManifest.xml:26:22-74
21    <uses-permission android:name="com.google.android.providers.gsf.permission.READ_GSERVICES" />
21-->[com.google.android.recaptcha:recaptcha:18.4.0] AndroidManifest.xml:9:5-98
21-->[com.google.android.recaptcha:recaptcha:18.4.0] AndroidManifest.xml:9:22-95
22
23    <permission
23-->[androidx.core:core:1.12.0] AndroidManifest.xml:22:5-24:47
24        android:name="com.movebreak.ai.DYNAMIC_RECEIVER_NOT_EXPORTED_PERMISSION"
24-->[androidx.core:core:1.12.0] AndroidManifest.xml:23:9-81
25        android:protectionLevel="signature" />
25-->[androidx.core:core:1.12.0] AndroidManifest.xml:24:9-44
26
27    <uses-permission android:name="com.movebreak.ai.DYNAMIC_RECEIVER_NOT_EXPORTED_PERMISSION" />
27-->[androidx.core:core:1.12.0] AndroidManifest.xml:26:5-97
27-->[androidx.core:core:1.12.0] AndroidManifest.xml:26:22-94
28
29    <application
29-->src\main\AndroidManifest.xml:10:5-28:19
30        android:name="com.movebreak.ai.MoveBreakApplication"
30-->src\main\AndroidManifest.xml:11:9-45
31        android:allowBackup="true"
31-->src\main\AndroidManifest.xml:12:9-35
32        android:appComponentFactory="androidx.core.app.CoreComponentFactory"
32-->[androidx.core:core:1.12.0] AndroidManifest.xml:28:18-86
33        android:debuggable="true"
34        android:extractNativeLibs="false"
34-->INJECTED
35        android:icon="@mipmap/ic_launcher"
35-->src\main\AndroidManifest.xml:13:9-43
36        android:label="@string/app_name"
36-->src\main\AndroidManifest.xml:14:9-41
37        android:roundIcon="@mipmap/ic_launcher_round"
37-->src\main\AndroidManifest.xml:15:9-54
38        android:supportsRtl="true"
38-->src\main\AndroidManifest.xml:16:9-35
39        android:theme="@style/Theme.MoveBreakAI" >
39-->src\main\AndroidManifest.xml:17:9-49
40        <activity
40-->src\main\AndroidManifest.xml:19:9-27:20
41            android:name="com.movebreak.ai.MainActivity"
41-->src\main\AndroidManifest.xml:20:13-41
42            android:exported="true"
42-->src\main\AndroidManifest.xml:21:13-36
43            android:theme="@style/Theme.MoveBreakAI" >
43-->src\main\AndroidManifest.xml:22:13-53
44            <intent-filter>
44-->src\main\AndroidManifest.xml:23:13-26:29
45                <action android:name="android.intent.action.MAIN" />
45-->src\main\AndroidManifest.xml:24:17-69
45-->src\main\AndroidManifest.xml:24:25-66
46
47                <category android:name="android.intent.category.LAUNCHER" />
47-->src\main\AndroidManifest.xml:25:17-77
47-->src\main\AndroidManifest.xml:25:27-74
48            </intent-filter>
49        </activity>
50        <activity
50-->[com.google.android.gms:play-services-auth:21.0.0] AndroidManifest.xml:23:9-27:75
51            android:name="com.google.android.gms.auth.api.signin.internal.SignInHubActivity"
51-->[com.google.android.gms:play-services-auth:21.0.0] AndroidManifest.xml:24:13-93
52            android:excludeFromRecents="true"
52-->[com.google.android.gms:play-services-auth:21.0.0] AndroidManifest.xml:25:13-46
53            android:exported="false"
53-->[com.google.android.gms:play-services-auth:21.0.0] AndroidManifest.xml:26:13-37
54            android:theme="@android:style/Theme.Translucent.NoTitleBar" />
54-->[com.google.android.gms:play-services-auth:21.0.0] AndroidManifest.xml:27:13-72
55        <!--
56            Service handling Google Sign-In user revocation. For apps that do not integrate with
57            Google Sign-In, this service will never be started.
58        -->
59        <service
59-->[com.google.android.gms:play-services-auth:21.0.0] AndroidManifest.xml:33:9-37:51
60            android:name="com.google.android.gms.auth.api.signin.RevocationBoundService"
60-->[com.google.android.gms:play-services-auth:21.0.0] AndroidManifest.xml:34:13-89
61            android:exported="true"
61-->[com.google.android.gms:play-services-auth:21.0.0] AndroidManifest.xml:35:13-36
62            android:permission="com.google.android.gms.auth.api.signin.permission.REVOCATION_NOTIFICATION"
62-->[com.google.android.gms:play-services-auth:21.0.0] AndroidManifest.xml:36:13-107
63            android:visibleToInstantApps="true" />
63-->[com.google.android.gms:play-services-auth:21.0.0] AndroidManifest.xml:37:13-48
64        <!--
65             Required for ML Kit Pose Detection GPU acceleration. Applications that target Android
66             S+ require explicit declaration of any referenced vendor-provided libraries.
67        -->
68        <uses-native-library
68-->[com.google.mlkit:pose-detection-common:18.0.0-beta3] AndroidManifest.xml:16:9-18:40
69            android:name="libOpenCL.so"
69-->[com.google.mlkit:pose-detection-common:18.0.0-beta3] AndroidManifest.xml:17:13-40
70            android:required="false" />
70-->[com.google.mlkit:pose-detection-common:18.0.0-beta3] AndroidManifest.xml:18:13-37
71        <uses-native-library
71-->[com.google.mlkit:pose-detection-common:18.0.0-beta3] AndroidManifest.xml:16:9-18:40
72            android:name="libOpenCL-car.so"
72-->[com.google.mlkit:pose-detection-common:18.0.0-beta3] AndroidManifest.xml:17:13-40
73            android:required="false" />
73-->[com.google.mlkit:pose-detection-common:18.0.0-beta3] AndroidManifest.xml:18:13-37
74        <uses-native-library
74-->[com.google.mlkit:pose-detection-common:18.0.0-beta3] AndroidManifest.xml:16:9-18:40
75            android:name="libOpenCL-pixel.so"
75-->[com.google.mlkit:pose-detection-common:18.0.0-beta3] AndroidManifest.xml:17:13-40
76            android:required="false" />
76-->[com.google.mlkit:pose-detection-common:18.0.0-beta3] AndroidManifest.xml:18:13-37
77
78        <service
78-->[com.google.mlkit:pose-detection-common:18.0.0-beta3] AndroidManifest.xml:26:9-32:19
79            android:name="com.google.mlkit.common.internal.MlKitComponentDiscoveryService"
79-->[com.google.mlkit:pose-detection-common:18.0.0-beta3] AndroidManifest.xml:27:13-91
80            android:directBootAware="true"
80-->[com.google.mlkit:common:18.5.0] AndroidManifest.xml:17:13-43
81            android:exported="false" >
81-->[com.google.mlkit:pose-detection-common:18.0.0-beta3] AndroidManifest.xml:28:13-37
82            <meta-data
82-->[com.google.mlkit:pose-detection-common:18.0.0-beta3] AndroidManifest.xml:29:13-31:85
83                android:name="com.google.firebase.components:com.google.mlkit.vision.pose.internal.PoseRegistrar"
83-->[com.google.mlkit:pose-detection-common:18.0.0-beta3] AndroidManifest.xml:30:17-114
84                android:value="com.google.firebase.components.ComponentRegistrar" />
84-->[com.google.mlkit:pose-detection-common:18.0.0-beta3] AndroidManifest.xml:31:17-82
85            <meta-data
85-->[com.google.mlkit:vision-common:17.2.1] AndroidManifest.xml:12:13-14:85
86                android:name="com.google.firebase.components:com.google.mlkit.vision.common.internal.VisionCommonRegistrar"
86-->[com.google.mlkit:vision-common:17.2.1] AndroidManifest.xml:13:17-124
87                android:value="com.google.firebase.components.ComponentRegistrar" />
87-->[com.google.mlkit:vision-common:17.2.1] AndroidManifest.xml:14:17-82
88            <meta-data
88-->[com.google.mlkit:common:18.5.0] AndroidManifest.xml:20:13-22:85
89                android:name="com.google.firebase.components:com.google.mlkit.common.internal.CommonComponentRegistrar"
89-->[com.google.mlkit:common:18.5.0] AndroidManifest.xml:21:17-120
90                android:value="com.google.firebase.components.ComponentRegistrar" />
90-->[com.google.mlkit:common:18.5.0] AndroidManifest.xml:22:17-82
91        </service>
92        <service
92-->[com.google.firebase:firebase-auth-ktx:22.3.1] AndroidManifest.xml:8:9-14:19
93            android:name="com.google.firebase.components.ComponentDiscoveryService"
93-->[com.google.firebase:firebase-auth-ktx:22.3.1] AndroidManifest.xml:9:13-84
94            android:directBootAware="true"
94-->[com.google.firebase:firebase-common:20.4.2] AndroidManifest.xml:32:13-43
95            android:exported="false" >
95-->[com.google.firebase:firebase-auth-ktx:22.3.1] AndroidManifest.xml:10:13-37
96            <meta-data
96-->[com.google.firebase:firebase-auth-ktx:22.3.1] AndroidManifest.xml:11:13-13:85
97                android:name="com.google.firebase.components:com.google.firebase.auth.ktx.FirebaseAuthLegacyRegistrar"
97-->[com.google.firebase:firebase-auth-ktx:22.3.1] AndroidManifest.xml:12:17-119
98                android:value="com.google.firebase.components.ComponentRegistrar" />
98-->[com.google.firebase:firebase-auth-ktx:22.3.1] AndroidManifest.xml:13:17-82
99            <meta-data
99-->[com.google.firebase:firebase-auth:22.3.1] AndroidManifest.xml:69:13-71:85
100                android:name="com.google.firebase.components:com.google.firebase.auth.FirebaseAuthRegistrar"
100-->[com.google.firebase:firebase-auth:22.3.1] AndroidManifest.xml:70:17-109
101                android:value="com.google.firebase.components.ComponentRegistrar" />
101-->[com.google.firebase:firebase-auth:22.3.1] AndroidManifest.xml:71:17-82
102            <meta-data
102-->[com.google.firebase:firebase-firestore-ktx:24.10.2] AndroidManifest.xml:12:13-14:85
103                android:name="com.google.firebase.components:com.google.firebase.firestore.ktx.FirebaseFirestoreLegacyRegistrar"
103-->[com.google.firebase:firebase-firestore-ktx:24.10.2] AndroidManifest.xml:13:17-129
104                android:value="com.google.firebase.components.ComponentRegistrar" />
104-->[com.google.firebase:firebase-firestore-ktx:24.10.2] AndroidManifest.xml:14:17-82
105            <meta-data
105-->[com.google.firebase:firebase-firestore:24.10.2] AndroidManifest.xml:17:13-19:85
106                android:name="com.google.firebase.components:com.google.firebase.firestore.FirebaseFirestoreKtxRegistrar"
106-->[com.google.firebase:firebase-firestore:24.10.2] AndroidManifest.xml:18:17-122
107                android:value="com.google.firebase.components.ComponentRegistrar" />
107-->[com.google.firebase:firebase-firestore:24.10.2] AndroidManifest.xml:19:17-82
108            <meta-data
108-->[com.google.firebase:firebase-firestore:24.10.2] AndroidManifest.xml:20:13-22:85
109                android:name="com.google.firebase.components:com.google.firebase.firestore.FirestoreRegistrar"
109-->[com.google.firebase:firebase-firestore:24.10.2] AndroidManifest.xml:21:17-111
110                android:value="com.google.firebase.components.ComponentRegistrar" />
110-->[com.google.firebase:firebase-firestore:24.10.2] AndroidManifest.xml:22:17-82
111            <meta-data
111-->[com.google.firebase:firebase-common-ktx:20.4.2] AndroidManifest.xml:12:13-14:85
112                android:name="com.google.firebase.components:com.google.firebase.ktx.FirebaseCommonLegacyRegistrar"
112-->[com.google.firebase:firebase-common-ktx:20.4.2] AndroidManifest.xml:13:17-116
113                android:value="com.google.firebase.components.ComponentRegistrar" />
113-->[com.google.firebase:firebase-common-ktx:20.4.2] AndroidManifest.xml:14:17-82
114            <meta-data
114-->[com.google.firebase:firebase-common:20.4.2] AndroidManifest.xml:35:13-37:85
115                android:name="com.google.firebase.components:com.google.firebase.FirebaseCommonKtxRegistrar"
115-->[com.google.firebase:firebase-common:20.4.2] AndroidManifest.xml:36:17-109
116                android:value="com.google.firebase.components.ComponentRegistrar" />
116-->[com.google.firebase:firebase-common:20.4.2] AndroidManifest.xml:37:17-82
117        </service>
118
119        <activity
119-->[com.google.firebase:firebase-auth:22.3.1] AndroidManifest.xml:29:9-46:20
120            android:name="com.google.firebase.auth.internal.GenericIdpActivity"
120-->[com.google.firebase:firebase-auth:22.3.1] AndroidManifest.xml:30:13-80
121            android:excludeFromRecents="true"
121-->[com.google.firebase:firebase-auth:22.3.1] AndroidManifest.xml:31:13-46
122            android:exported="true"
122-->[com.google.firebase:firebase-auth:22.3.1] AndroidManifest.xml:32:13-36
123            android:launchMode="singleTask"
123-->[com.google.firebase:firebase-auth:22.3.1] AndroidManifest.xml:33:13-44
124            android:theme="@android:style/Theme.Translucent.NoTitleBar" >
124-->[com.google.firebase:firebase-auth:22.3.1] AndroidManifest.xml:34:13-72
125            <intent-filter>
125-->[com.google.firebase:firebase-auth:22.3.1] AndroidManifest.xml:35:13-45:29
126                <action android:name="android.intent.action.VIEW" />
126-->[com.google.firebase:firebase-auth:22.3.1] AndroidManifest.xml:36:17-69
126-->[com.google.firebase:firebase-auth:22.3.1] AndroidManifest.xml:36:25-66
127
128                <category android:name="android.intent.category.DEFAULT" />
128-->[com.google.firebase:firebase-auth:22.3.1] AndroidManifest.xml:38:17-76
128-->[com.google.firebase:firebase-auth:22.3.1] AndroidManifest.xml:38:27-73
129                <category android:name="android.intent.category.BROWSABLE" />
129-->[com.google.firebase:firebase-auth:22.3.1] AndroidManifest.xml:39:17-78
129-->[com.google.firebase:firebase-auth:22.3.1] AndroidManifest.xml:39:27-75
130
131                <data
131-->[com.google.firebase:firebase-auth:22.3.1] AndroidManifest.xml:41:17-44:51
132                    android:host="firebase.auth"
132-->[com.google.firebase:firebase-auth:22.3.1] AndroidManifest.xml:42:21-49
133                    android:path="/"
133-->[com.google.firebase:firebase-auth:22.3.1] AndroidManifest.xml:43:21-37
134                    android:scheme="genericidp" />
134-->[com.google.firebase:firebase-auth:22.3.1] AndroidManifest.xml:44:21-48
135            </intent-filter>
136        </activity>
137        <activity
137-->[com.google.firebase:firebase-auth:22.3.1] AndroidManifest.xml:47:9-64:20
138            android:name="com.google.firebase.auth.internal.RecaptchaActivity"
138-->[com.google.firebase:firebase-auth:22.3.1] AndroidManifest.xml:48:13-79
139            android:excludeFromRecents="true"
139-->[com.google.firebase:firebase-auth:22.3.1] AndroidManifest.xml:49:13-46
140            android:exported="true"
140-->[com.google.firebase:firebase-auth:22.3.1] AndroidManifest.xml:50:13-36
141            android:launchMode="singleTask"
141-->[com.google.firebase:firebase-auth:22.3.1] AndroidManifest.xml:51:13-44
142            android:theme="@android:style/Theme.Translucent.NoTitleBar" >
142-->[com.google.firebase:firebase-auth:22.3.1] AndroidManifest.xml:52:13-72
143            <intent-filter>
143-->[com.google.firebase:firebase-auth:22.3.1] AndroidManifest.xml:53:13-63:29
144                <action android:name="android.intent.action.VIEW" />
144-->[com.google.firebase:firebase-auth:22.3.1] AndroidManifest.xml:36:17-69
144-->[com.google.firebase:firebase-auth:22.3.1] AndroidManifest.xml:36:25-66
145
146                <category android:name="android.intent.category.DEFAULT" />
146-->[com.google.firebase:firebase-auth:22.3.1] AndroidManifest.xml:38:17-76
146-->[com.google.firebase:firebase-auth:22.3.1] AndroidManifest.xml:38:27-73
147                <category android:name="android.intent.category.BROWSABLE" />
147-->[com.google.firebase:firebase-auth:22.3.1] AndroidManifest.xml:39:17-78
147-->[com.google.firebase:firebase-auth:22.3.1] AndroidManifest.xml:39:27-75
148
149                <data
149-->[com.google.firebase:firebase-auth:22.3.1] AndroidManifest.xml:41:17-44:51
150                    android:host="firebase.auth"
150-->[com.google.firebase:firebase-auth:22.3.1] AndroidManifest.xml:42:21-49
151                    android:path="/"
151-->[com.google.firebase:firebase-auth:22.3.1] AndroidManifest.xml:43:21-37
152                    android:scheme="recaptcha" />
152-->[com.google.firebase:firebase-auth:22.3.1] AndroidManifest.xml:44:21-48
153            </intent-filter>
154        </activity>
155
156        <service
156-->[com.google.mlkit:acceleration:16.0.0-beta1] AndroidManifest.xml:8:9-11:68
157            android:name="com.google.mlkit.acceleration.internal.MlKitRemoteWorkerService"
157-->[com.google.mlkit:acceleration:16.0.0-beta1] AndroidManifest.xml:9:13-91
158            android:exported="false"
158-->[com.google.mlkit:acceleration:16.0.0-beta1] AndroidManifest.xml:10:13-37
159            android:process=":mlkit_acceleration_mini_benchmark" />
159-->[com.google.mlkit:acceleration:16.0.0-beta1] AndroidManifest.xml:11:13-65
160
161        <provider
161-->[com.google.mlkit:common:18.5.0] AndroidManifest.xml:9:9-13:38
162            android:name="com.google.mlkit.common.internal.MlKitInitProvider"
162-->[com.google.mlkit:common:18.5.0] AndroidManifest.xml:10:13-78
163            android:authorities="com.movebreak.ai.mlkitinitprovider"
163-->[com.google.mlkit:common:18.5.0] AndroidManifest.xml:11:13-69
164            android:exported="false"
164-->[com.google.mlkit:common:18.5.0] AndroidManifest.xml:12:13-37
165            android:initOrder="99" />
165-->[com.google.mlkit:common:18.5.0] AndroidManifest.xml:13:13-35
166
167        <activity
167-->[com.google.android.gms:play-services-base:18.1.0] AndroidManifest.xml:20:9-22:45
168            android:name="com.google.android.gms.common.api.GoogleApiActivity"
168-->[com.google.android.gms:play-services-base:18.1.0] AndroidManifest.xml:20:19-85
169            android:exported="false"
169-->[com.google.android.gms:play-services-base:18.1.0] AndroidManifest.xml:22:19-43
170            android:theme="@android:style/Theme.Translucent.NoTitleBar" />
170-->[com.google.android.gms:play-services-base:18.1.0] AndroidManifest.xml:21:19-78
171
172        <service
172-->[androidx.work:work-multiprocess:2.11.1] AndroidManifest.xml:24:9-27:63
173            android:name="androidx.work.multiprocess.RemoteWorkManagerService"
173-->[androidx.work:work-multiprocess:2.11.1] AndroidManifest.xml:25:13-79
174            android:exported="false" />
174-->[androidx.work:work-multiprocess:2.11.1] AndroidManifest.xml:26:13-37
175
176        <provider
176-->[androidx.work:work-runtime:2.11.1] AndroidManifest.xml:29:9-37:20
177            android:name="androidx.startup.InitializationProvider"
177-->[androidx.work:work-runtime:2.11.1] AndroidManifest.xml:30:13-67
178            android:authorities="com.movebreak.ai.androidx-startup"
178-->[androidx.work:work-runtime:2.11.1] AndroidManifest.xml:31:13-68
179            android:exported="false" >
179-->[androidx.work:work-runtime:2.11.1] AndroidManifest.xml:32:13-37
180            <meta-data
180-->[androidx.work:work-runtime:2.11.1] AndroidManifest.xml:34:13-36:52
181                android:name="androidx.work.WorkManagerInitializer"
181-->[androidx.work:work-runtime:2.11.1] AndroidManifest.xml:35:17-68
182                android:value="androidx.startup" />
182-->[androidx.work:work-runtime:2.11.1] AndroidManifest.xml:36:17-49
183            <meta-data
183-->[androidx.emoji2:emoji2:1.4.0] AndroidManifest.xml:29:13-31:52
184                android:name="androidx.emoji2.text.EmojiCompatInitializer"
184-->[androidx.emoji2:emoji2:1.4.0] AndroidManifest.xml:30:17-75
185                android:value="androidx.startup" />
185-->[androidx.emoji2:emoji2:1.4.0] AndroidManifest.xml:31:17-49
186            <meta-data
186-->[androidx.lifecycle:lifecycle-process:2.7.0] AndroidManifest.xml:29:13-31:52
187                android:name="androidx.lifecycle.ProcessLifecycleInitializer"
187-->[androidx.lifecycle:lifecycle-process:2.7.0] AndroidManifest.xml:30:17-78
188                android:value="androidx.startup" />
188-->[androidx.lifecycle:lifecycle-process:2.7.0] AndroidManifest.xml:31:17-49
189            <meta-data
189-->[androidx.profileinstaller:profileinstaller:1.3.0] AndroidManifest.xml:29:13-31:52
190                android:name="androidx.profileinstaller.ProfileInstallerInitializer"
190-->[androidx.profileinstaller:profileinstaller:1.3.0] AndroidManifest.xml:30:17-85
191                android:value="androidx.startup" />
191-->[androidx.profileinstaller:profileinstaller:1.3.0] AndroidManifest.xml:31:17-49
192        </provider>
193
194        <service
194-->[androidx.work:work-runtime:2.11.1] AndroidManifest.xml:39:9-45:35
195            android:name="androidx.work.impl.background.systemjob.SystemJobService"
195-->[androidx.work:work-runtime:2.11.1] AndroidManifest.xml:40:13-84
196            android:directBootAware="false"
196-->[androidx.work:work-runtime:2.11.1] AndroidManifest.xml:41:13-44
197            android:enabled="@bool/enable_system_job_service_default"
197-->[androidx.work:work-runtime:2.11.1] AndroidManifest.xml:42:13-70
198            android:exported="true"
198-->[androidx.work:work-runtime:2.11.1] AndroidManifest.xml:43:13-36
199            android:permission="android.permission.BIND_JOB_SERVICE" />
199-->[androidx.work:work-runtime:2.11.1] AndroidManifest.xml:44:13-69
200        <service
200-->[androidx.work:work-runtime:2.11.1] AndroidManifest.xml:46:9-52:35
201            android:name="androidx.work.impl.foreground.SystemForegroundService"
201-->[androidx.work:work-runtime:2.11.1] AndroidManifest.xml:47:13-81
202            android:directBootAware="false"
202-->[androidx.work:work-runtime:2.11.1] AndroidManifest.xml:48:13-44
203            android:enabled="@bool/enable_system_foreground_service_default"
203-->[androidx.work:work-runtime:2.11.1] AndroidManifest.xml:49:13-77
204            android:exported="false" />
204-->[androidx.work:work-runtime:2.11.1] AndroidManifest.xml:50:13-37
205
206        <receiver
206-->[androidx.work:work-runtime:2.11.1] AndroidManifest.xml:54:9-59:35
207            android:name="androidx.work.impl.utils.ForceStopRunnable$BroadcastReceiver"
207-->[androidx.work:work-runtime:2.11.1] AndroidManifest.xml:55:13-88
208            android:directBootAware="false"
208-->[androidx.work:work-runtime:2.11.1] AndroidManifest.xml:56:13-44
209            android:enabled="true"
209-->[androidx.work:work-runtime:2.11.1] AndroidManifest.xml:57:13-35
210            android:exported="false" />
210-->[androidx.work:work-runtime:2.11.1] AndroidManifest.xml:58:13-37
211        <receiver
211-->[androidx.work:work-runtime:2.11.1] AndroidManifest.xml:60:9-69:20
212            android:name="androidx.work.impl.background.systemalarm.RescheduleReceiver"
212-->[androidx.work:work-runtime:2.11.1] AndroidManifest.xml:61:13-88
213            android:directBootAware="false"
213-->[androidx.work:work-runtime:2.11.1] AndroidManifest.xml:62:13-44
214            android:enabled="false"
214-->[androidx.work:work-runtime:2.11.1] AndroidManifest.xml:63:13-36
215            android:exported="false" >
215-->[androidx.work:work-runtime:2.11.1] AndroidManifest.xml:64:13-37
216            <intent-filter>
216-->[androidx.work:work-runtime:2.11.1] AndroidManifest.xml:66:13-68:29
217                <action android:name="android.intent.action.BOOT_COMPLETED" />
217-->[androidx.work:work-runtime:2.11.1] AndroidManifest.xml:67:17-79
217-->[androidx.work:work-runtime:2.11.1] AndroidManifest.xml:67:25-76
218            </intent-filter>
219        </receiver>
220        <receiver
220-->[androidx.work:work-runtime:2.11.1] AndroidManifest.xml:70:9-80:20
221            android:name="androidx.work.impl.diagnostics.DiagnosticsReceiver"
221-->[androidx.work:work-runtime:2.11.1] AndroidManifest.xml:71:13-78
222            android:directBootAware="false"
222-->[androidx.work:work-runtime:2.11.1] AndroidManifest.xml:72:13-44
223            android:enabled="true"
223-->[androidx.work:work-runtime:2.11.1] AndroidManifest.xml:73:13-35
224            android:exported="true"
224-->[androidx.work:work-runtime:2.11.1] AndroidManifest.xml:74:13-36
225            android:permission="android.permission.DUMP" >
225-->[androidx.work:work-runtime:2.11.1] AndroidManifest.xml:75:13-57
226            <intent-filter>
226-->[androidx.work:work-runtime:2.11.1] AndroidManifest.xml:77:13-79:29
227                <action android:name="androidx.work.diagnostics.REQUEST_DIAGNOSTICS" />
227-->[androidx.work:work-runtime:2.11.1] AndroidManifest.xml:78:17-88
227-->[androidx.work:work-runtime:2.11.1] AndroidManifest.xml:78:25-85
228            </intent-filter>
229        </receiver>
230
231        <provider
231-->[com.google.firebase:firebase-common:20.4.2] AndroidManifest.xml:23:9-28:39
232            android:name="com.google.firebase.provider.FirebaseInitProvider"
232-->[com.google.firebase:firebase-common:20.4.2] AndroidManifest.xml:24:13-77
233            android:authorities="com.movebreak.ai.firebaseinitprovider"
233-->[com.google.firebase:firebase-common:20.4.2] AndroidManifest.xml:25:13-72
234            android:directBootAware="true"
234-->[com.google.firebase:firebase-common:20.4.2] AndroidManifest.xml:26:13-43
235            android:exported="false"
235-->[com.google.firebase:firebase-common:20.4.2] AndroidManifest.xml:27:13-37
236            android:initOrder="100" />
236-->[com.google.firebase:firebase-common:20.4.2] AndroidManifest.xml:28:13-36
237
238        <service
238-->[androidx.room:room-runtime-android:2.7.0] AndroidManifest.xml:24:9-28:63
239            android:name="androidx.room.MultiInstanceInvalidationService"
239-->[androidx.room:room-runtime-android:2.7.0] AndroidManifest.xml:25:13-74
240            android:directBootAware="true"
240-->[androidx.room:room-runtime-android:2.7.0] AndroidManifest.xml:26:13-43
241            android:exported="false" />
241-->[androidx.room:room-runtime-android:2.7.0] AndroidManifest.xml:27:13-37
242
243        <receiver
243-->[androidx.profileinstaller:profileinstaller:1.3.0] AndroidManifest.xml:34:9-52:20
244            android:name="androidx.profileinstaller.ProfileInstallReceiver"
244-->[androidx.profileinstaller:profileinstaller:1.3.0] AndroidManifest.xml:35:13-76
245            android:directBootAware="false"
245-->[androidx.profileinstaller:profileinstaller:1.3.0] AndroidManifest.xml:36:13-44
246            android:enabled="true"
246-->[androidx.profileinstaller:profileinstaller:1.3.0] AndroidManifest.xml:37:13-35
247            android:exported="true"
247-->[androidx.profileinstaller:profileinstaller:1.3.0] AndroidManifest.xml:38:13-36
248            android:permission="android.permission.DUMP" >
248-->[androidx.profileinstaller:profileinstaller:1.3.0] AndroidManifest.xml:39:13-57
249            <intent-filter>
249-->[androidx.profileinstaller:profileinstaller:1.3.0] AndroidManifest.xml:40:13-42:29
250                <action android:name="androidx.profileinstaller.action.INSTALL_PROFILE" />
250-->[androidx.profileinstaller:profileinstaller:1.3.0] AndroidManifest.xml:41:17-91
250-->[androidx.profileinstaller:profileinstaller:1.3.0] AndroidManifest.xml:41:25-88
251            </intent-filter>
252            <intent-filter>
252-->[androidx.profileinstaller:profileinstaller:1.3.0] AndroidManifest.xml:43:13-45:29
253                <action android:name="androidx.profileinstaller.action.SKIP_FILE" />
253-->[androidx.profileinstaller:profileinstaller:1.3.0] AndroidManifest.xml:44:17-85
253-->[androidx.profileinstaller:profileinstaller:1.3.0] AndroidManifest.xml:44:25-82
254            </intent-filter>
255            <intent-filter>
255-->[androidx.profileinstaller:profileinstaller:1.3.0] AndroidManifest.xml:46:13-48:29
256                <action android:name="androidx.profileinstaller.action.SAVE_PROFILE" />
256-->[androidx.profileinstaller:profileinstaller:1.3.0] AndroidManifest.xml:47:17-88
256-->[androidx.profileinstaller:profileinstaller:1.3.0] AndroidManifest.xml:47:25-85
257            </intent-filter>
258            <intent-filter>
258-->[androidx.profileinstaller:profileinstaller:1.3.0] AndroidManifest.xml:49:13-51:29
259                <action android:name="androidx.profileinstaller.action.BENCHMARK_OPERATION" />
259-->[androidx.profileinstaller:profileinstaller:1.3.0] AndroidManifest.xml:50:17-95
259-->[androidx.profileinstaller:profileinstaller:1.3.0] AndroidManifest.xml:50:25-92
260            </intent-filter>
261        </receiver>
262
263        <meta-data
263-->[com.google.android.gms:play-services-basement:18.2.0] AndroidManifest.xml:21:9-23:69
264            android:name="com.google.android.gms.version"
264-->[com.google.android.gms:play-services-basement:18.2.0] AndroidManifest.xml:22:13-58